<?xml version="1.0" encoding="UTF-8"?>
<testsuite xmlns:xsi="http://www.w3.org/2001/XMLSchema-instance" xsi:noNamespaceSchemaLocation="https://maven.apache.org/surefire/maven-surefire-plugin/xsd/surefire-test-report-3.0.xsd" version="3.0" name="TestSuite" time="100.602" tests="3" errors="0" skipped="0" failures="0">
  <properties>
    <property name="java.specification.version" value="15"/>
    <property name="webdriver.chrome.driver" value="/Users/rahmanfamily/.m2/repository/webdriver/chromedriver/mac64/87.0.4280.20/chromedriver"/>
    <property name="sun.jnu.encoding" value="UTF-8"/>
    <property name="java.class.path" value="/Users/rahmanfamily/Desktop/java3/target/test-classes:/Users/rahmanfamily/Desktop/java3/target/classes:/Users/rahmanfamily/.m2/repository/org/seleniumhq/selenium/selenium-java/3.141.59/selenium-java-3.141.59.jar:/Users/rahmanfamily/.m2/repository/org/seleniumhq/selenium/selenium-api/3.141.59/selenium-api-3.141.59.jar:/Users/rahmanfamily/.m2/repository/org/seleniumhq/selenium/selenium-chrome-driver/3.141.59/selenium-chrome-driver-3.141.59.jar:/Users/rahmanfamily/.m2/repository/org/seleniumhq/selenium/selenium-edge-driver/3.141.59/selenium-edge-driver-3.141.59.jar:/Users/rahmanfamily/.m2/repository/org/seleniumhq/selenium/selenium-firefox-driver/3.141.59/selenium-firefox-driver-3.141.59.jar:/Users/rahmanfamily/.m2/repository/org/seleniumhq/selenium/selenium-ie-driver/3.141.59/selenium-ie-driver-3.141.59.jar:/Users/rahmanfamily/.m2/repository/org/seleniumhq/selenium/selenium-opera-driver/3.141.59/selenium-opera-driver-3.141.59.jar:/Users/rahmanfamily/.m2/repository/org/seleniumhq/selenium/selenium-remote-driver/3.141.59/selenium-remote-driver-3.141.59.jar:/Users/rahmanfamily/.m2/repository/org/seleniumhq/selenium/selenium-safari-driver/3.141.59/selenium-safari-driver-3.141.59.jar:/Users/rahmanfamily/.m2/repository/org/seleniumhq/selenium/selenium-support/3.141.59/selenium-support-3.141.59.jar:/Users/rahmanfamily/.m2/repository/net/bytebuddy/byte-buddy/1.8.15/byte-buddy-1.8.15.jar:/Users/rahmanfamily/.m2/repository/org/apache/commons/commons-exec/1.3/commons-exec-1.3.jar:/Users/rahmanfamily/.m2/repository/com/google/guava/guava/25.0-jre/guava-25.0-jre.jar:/Users/rahmanfamily/.m2/repository/com/google/code/findbugs/jsr305/1.3.9/jsr305-1.3.9.jar:/Users/rahmanfamily/.m2/repository/org/checkerframework/checker-compat-qual/2.0.0/checker-compat-qual-2.0.0.jar:/Users/rahmanfamily/.m2/repository/com/google/errorprone/error_prone_annotations/2.1.3/error_prone_annotations-2.1.3.jar:/Users/rahmanfamily/.m2/repository/com/google/j2objc/j2objc-annotations/1.1/j2objc-annotations-1.1.jar:/Users/rahmanfamily/.m2/repository/org/codehaus/mojo/animal-sniffer-annotations/1.14/animal-sniffer-annotations-1.14.jar:/Users/rahmanfamily/.m2/repository/com/squareup/okhttp3/okhttp/3.11.0/okhttp-3.11.0.jar:/Users/rahmanfamily/.m2/repository/com/squareup/okio/okio/1.14.0/okio-1.14.0.jar:/Users/rahmanfamily/.m2/repository/io/github/bonigarcia/webdrivermanager/4.1.0/webdrivermanager-4.1.0.jar:/Users/rahmanfamily/.m2/repository/org/slf4j/slf4j-api/1.7.30/slf4j-api-1.7.30.jar:/Users/rahmanfamily/.m2/repository/commons-io/commons-io/2.7/commons-io-2.7.jar:/Users/rahmanfamily/.m2/repository/com/google/code/gson/gson/2.8.6/gson-2.8.6.jar:/Users/rahmanfamily/.m2/repository/org/apache/commons/commons-lang3/3.10/commons-lang3-3.10.jar:/Users/rahmanfamily/.m2/repository/org/apache/httpcomponents/client5/httpclient5/5.0.1/httpclient5-5.0.1.jar:/Users/rahmanfamily/.m2/repository/org/apache/httpcomponents/core5/httpcore5/5.0.1/httpcore5-5.0.1.jar:/Users/rahmanfamily/.m2/repository/org/apache/httpcomponents/core5/httpcore5-h2/5.0.1/httpcore5-h2-5.0.1.jar:/Users/rahmanfamily/.m2/repository/commons-codec/commons-codec/1.13/commons-codec-1.13.jar:/Users/rahmanfamily/.m2/repository/org/rauschig/jarchivelib/1.0.0/jarchivelib-1.0.0.jar:/Users/rahmanfamily/.m2/repository/org/apache/commons/commons-compress/1.18/commons-compress-1.18.jar:/Users/rahmanfamily/.m2/repository/org/jsoup/jsoup/1.13.1/jsoup-1.13.1.jar:/Users/rahmanfamily/.m2/repository/org/testng/testng/7.1.0/testng-7.1.0.jar:/Users/rahmanfamily/.m2/repository/com/beust/jcommander/1.72/jcommander-1.72.jar:/Users/rahmanfamily/.m2/repository/com/google/inject/guice/4.1.0/guice-4.1.0-no_aop.jar:/Users/rahmanfamily/.m2/repository/javax/inject/javax.inject/1/javax.inject-1.jar:/Users/rahmanfamily/.m2/repository/aopalliance/aopalliance/1.0/aopalliance-1.0.jar:/Users/rahmanfamily/.m2/repository/org/yaml/snakeyaml/1.21/snakeyaml-1.21.jar:/Users/rahmanfamily/.m2/repository/org/apache/logging/log4j/log4j-api/2.14.0/log4j-api-2.14.0.jar:/Users/rahmanfamily/.m2/repository/org/apache/logging/log4j/log4j-core/2.14.0/log4j-core-2.14.0.jar:"/>
    <property name="java.vm.vendor" value="Oracle Corporation"/>
    <property name="sun.arch.data.model" value="64"/>
    <property name="java.vendor.url" value="https://openjdk.java.net/"/>
    <property name="user.timezone" value="America/New_York"/>
    <property name="os.name" value="Mac OS X"/>
    <property name="java.vm.specification.version" value="15"/>
    <property name="sun.java.launcher" value="SUN_STANDARD"/>
    <property name="user.country" value="US"/>
    <property name="sun.boot.library.path" value="/usr/local/Cellar/openjdk/15.0.1/libexec/openjdk.jdk/Contents/Home/lib"/>
    <property name="sun.java.command" value="/Users/rahmanfamily/Desktop/java3/target/surefire/surefirebooter41517952054671782.jar /Users/rahmanfamily/Desktop/java3/target/surefire 2020-11-26T11-34-54_583-jvmRun1 surefire5005134969560210547tmp surefire_08634878933591267648tmp"/>
    <property name="http.nonProxyHosts" value="local|*.local|169.254/16|*.169.254/16"/>
    <property name="jdk.debug" value="release"/>
    <property name="surefire.test.class.path" value="/Users/rahmanfamily/Desktop/java3/target/test-classes:/Users/rahmanfamily/Desktop/java3/target/classes:/Users/rahmanfamily/.m2/repository/org/seleniumhq/selenium/selenium-java/3.141.59/selenium-java-3.141.59.jar:/Users/rahmanfamily/.m2/repository/org/seleniumhq/selenium/selenium-api/3.141.59/selenium-api-3.141.59.jar:/Users/rahmanfamily/.m2/repository/org/seleniumhq/selenium/selenium-chrome-driver/3.141.59/selenium-chrome-driver-3.141.59.jar:/Users/rahmanfamily/.m2/repository/org/seleniumhq/selenium/selenium-edge-driver/3.141.59/selenium-edge-driver-3.141.59.jar:/Users/rahmanfamily/.m2/repository/org/seleniumhq/selenium/selenium-firefox-driver/3.141.59/selenium-firefox-driver-3.141.59.jar:/Users/rahmanfamily/.m2/repository/org/seleniumhq/selenium/selenium-ie-driver/3.141.59/selenium-ie-driver-3.141.59.jar:/Users/rahmanfamily/.m2/repository/org/seleniumhq/selenium/selenium-opera-driver/3.141.59/selenium-opera-driver-3.141.59.jar:/Users/rahmanfamily/.m2/repository/org/seleniumhq/selenium/selenium-remote-driver/3.141.59/selenium-remote-driver-3.141.59.jar:/Users/rahmanfamily/.m2/repository/org/seleniumhq/selenium/selenium-safari-driver/3.141.59/selenium-safari-driver-3.141.59.jar:/Users/rahmanfamily/.m2/repository/org/seleniumhq/selenium/selenium-support/3.141.59/selenium-support-3.141.59.jar:/Users/rahmanfamily/.m2/repository/net/bytebuddy/byte-buddy/1.8.15/byte-buddy-1.8.15.jar:/Users/rahmanfamily/.m2/repository/org/apache/commons/commons-exec/1.3/commons-exec-1.3.jar:/Users/rahmanfamily/.m2/repository/com/google/guava/guava/25.0-jre/guava-25.0-jre.jar:/Users/rahmanfamily/.m2/repository/com/google/code/findbugs/jsr305/1.3.9/jsr305-1.3.9.jar:/Users/rahmanfamily/.m2/repository/org/checkerframework/checker-compat-qual/2.0.0/checker-compat-qual-2.0.0.jar:/Users/rahmanfamily/.m2/repository/com/google/errorprone/error_prone_annotations/2.1.3/error_prone_annotations-2.1.3.jar:/Users/rahmanfamily/.m2/repository/com/google/j2objc/j2objc-annotations/1.1/j2objc-annotations-1.1.jar:/Users/rahmanfamily/.m2/repository/org/codehaus/mojo/animal-sniffer-annotations/1.14/animal-sniffer-annotations-1.14.jar:/Users/rahmanfamily/.m2/repository/com/squareup/okhttp3/okhttp/3.11.0/okhttp-3.11.0.jar:/Users/rahmanfamily/.m2/repository/com/squareup/okio/okio/1.14.0/okio-1.14.0.jar:/Users/rahmanfamily/.m2/repository/io/github/bonigarcia/webdrivermanager/4.1.0/webdrivermanager-4.1.0.jar:/Users/rahmanfamily/.m2/repository/org/slf4j/slf4j-api/1.7.30/slf4j-api-1.7.30.jar:/Users/rahmanfamily/.m2/repository/commons-io/commons-io/2.7/commons-io-2.7.jar:/Users/rahmanfamily/.m2/repository/com/google/code/gson/gson/2.8.6/gson-2.8.6.jar:/Users/rahmanfamily/.m2/repository/org/apache/commons/commons-lang3/3.10/commons-lang3-3.10.jar:/Users/rahmanfamily/.m2/repository/org/apache/httpcomponents/client5/httpclient5/5.0.1/httpclient5-5.0.1.jar:/Users/rahmanfamily/.m2/repository/org/apache/httpcomponents/core5/httpcore5/5.0.1/httpcore5-5.0.1.jar:/Users/rahmanfamily/.m2/repository/org/apache/httpcomponents/core5/httpcore5-h2/5.0.1/httpcore5-h2-5.0.1.jar:/Users/rahmanfamily/.m2/repository/commons-codec/commons-codec/1.13/commons-codec-1.13.jar:/Users/rahmanfamily/.m2/repository/org/rauschig/jarchivelib/1.0.0/jarchivelib-1.0.0.jar:/Users/rahmanfamily/.m2/repository/org/apache/commons/commons-compress/1.18/commons-compress-1.18.jar:/Users/rahmanfamily/.m2/repository/org/jsoup/jsoup/1.13.1/jsoup-1.13.1.jar:/Users/rahmanfamily/.m2/repository/org/testng/testng/7.1.0/testng-7.1.0.jar:/Users/rahmanfamily/.m2/repository/com/beust/jcommander/1.72/jcommander-1.72.jar:/Users/rahmanfamily/.m2/repository/com/google/inject/guice/4.1.0/guice-4.1.0-no_aop.jar:/Users/rahmanfamily/.m2/repository/javax/inject/javax.inject/1/javax.inject-1.jar:/Users/rahmanfamily/.m2/repository/aopalliance/aopalliance/1.0/aopalliance-1.0.jar:/Users/rahmanfamily/.m2/repository/org/yaml/snakeyaml/1.21/snakeyaml-1.21.jar:/Users/rahmanfamily/.m2/repository/org/apache/logging/log4j/log4j-api/2.14.0/log4j-api-2.14.0.jar:/Users/rahmanfamily/.m2/repository/org/apache/logging/log4j/log4j-core/2.14.0/log4j-core-2.14.0.jar:"/>
    <property name="sun.cpu.endian" value="little"/>
    <property name="user.home" value="/Users/rahmanfamily"/>
    <property name="user.language" value="en"/>
    <property name="java.specification.vendor" value="Oracle Corporation"/>
    <property name="java.version.date" value="2020-10-20"/>
    <property name="java.home" value="/usr/local/Cellar/openjdk/15.0.1/libexec/openjdk.jdk/Contents/Home"/>
    <property name="file.separator" value="/"/>
    <property name="basedir" value="/Users/rahmanfamily/Desktop/java3"/>
    <property name="java.vm.compressedOopsMode" value="Zero based"/>
    <property name="line.separator" value="&#10;"/>
    <property name="java.vm.specification.vendor" value="Oracle Corporation"/>
    <property name="java.specification.name" value="Java Platform API Specification"/>
    <property name="surefire.real.class.path" value="/Users/rahmanfamily/Desktop/java3/target/surefire/surefirebooter41517952054671782.jar"/>
    <property name="sun.management.compiler" value="HotSpot 64-Bit Tiered Compilers"/>
    <property name="ftp.nonProxyHosts" value="local|*.local|169.254/16|*.169.254/16"/>
    <property name="java.runtime.version" value="15.0.1+9"/>
    <property name="user.name" value="rahmanfamily"/>
    <property name="path.separator" value=":"/>
    <property name="os.version" value="10.15.7"/>
    <property name="java.runtime.name" value="OpenJDK Runtime Environment"/>
    <property name="file.encoding" value="UTF-8"/>
    <property name="browser" value="chrome"/>
    <property name="java.vm.name" value="OpenJDK 64-Bit Server VM"/>
    <property name="localRepository" value="/Users/rahmanfamily/.m2/repository"/>
    <property name="java.vendor.url.bug" value="https://bugreport.java.com/bugreport/"/>
    <property name="java.io.tmpdir" value="/var/folders/49/x62tygkx03b6nl21d09khr3h0000gn/T/"/>
    <property name="java.version" value="15.0.1"/>
    <property name="user.dir" value="/Users/rahmanfamily/Desktop/java3"/>
    <property name="os.arch" value="x86_64"/>
    <property name="java.vm.specification.name" value="Java Virtual Machine Specification"/>
    <property name="environment" value="local"/>
    <property name="java.library.path" value="/Users/rahmanfamily/Library/Java/Extensions:/Library/Java/Extensions:/Network/Library/Java/Extensions:/System/Library/Java/Extensions:/usr/lib/java:."/>
    <property name="java.vm.info" value="mixed mode, sharing"/>
    <property name="java.vendor" value="N/A"/>
    <property name="java.vm.version" value="15.0.1+9"/>
    <property name="sun.io.unicode.encoding" value="UnicodeBig"/>
    <property name="socksNonProxyHosts" value="local|*.local|169.254/16|*.169.254/16"/>
    <property name="java.class.version" value="59.0"/>
  </properties>
  <testcase name="RunInChrome1" classname="selenium_grid.SeleniumGrid_Chrome2" time="80.997">
    <system-out><![CDATA[11:35:10.100 [TestNG-test=Test 1-1] &amp#27;[0mINFO  utilities.TestEnvironment - execute test in local&amp#27;[m
11:35:10.100 [TestNG-test=Test 1-2] &amp#27;[0mINFO  utilities.TestEnvironment - execute test in local&amp#27;[m
Google
]]></system-out>
    <system-err><![CDATA[SLF4J: Failed to load class "org.slf4j.impl.StaticLoggerBinder".
SLF4J: Defaulting to no-operation (NOP) logger implementation
SLF4J: See http://www.slf4j.org/codes.html#StaticLoggerBinder for further details.
SSttaarrttiinngg  CChhrroommeeDDrriivveerr  8877..0.042.8402.8200. 2(0c 9(9ce9891e6831163f1afaa0ab02ba24a4484e86e5658c80cd0bddb8d381311f1bf0b40d4ddbddb-dr-erfesf/sb/rbarnacnchh--heheaaddss//44228800@@{{##35355}) on po5}) on portr t1 3405050
5O
nlyO nlly local connections are oalclaolw edc.o
nPnleecatsionse  arsee ea lhltowtepds.:
P/l/ceharsoem esderei vhetrt.pcsh:r/o/mcihurmo.moerdgr/isveecr.ucrhirtoym-icuonms.iodregr/asteicounrsi tfyo-rc osnusgigdeesrtaiotinosn so nf okre espuigngge sCthiroonms on keeping ChromeDriver safe.
eDriver safe.
ChCrhormoemDerDirvievr erw asw asst staarrtetde ds uscuccecsessfsuflullyl.y
.
Nov 26, 2020 11:36:00 AM org.openqa.selenium.remote.ProtocolHandshake createSession
INFO: Detected dialect: W3C
Nov 26, 2020 11:36:00 AM org.openqa.selenium.remote.ProtocolHandshake createSession
INFO: Detected dialect: W3C
]]></system-err>
  </testcase>
  <testcase name="RunInChrome" classname="selenium_grid.SeleniumGrid_Chrome1" time="2.936">
    <system-out><![CDATA[11:36:22.772 [TestNG-test=Test 1-2] &amp#27;[0mINFO  utilities.TestEnvironment - execute test in local&amp#27;[m
Mortgage Calculator
]]></system-out>
    <system-err><![CDATA[Starting ChromeDriver 87.0.4280.20 (c99e81631faa0b2a448e658c0dbd8311fb04ddbd-refs/branch-heads/4280@{#355}) on port 4761
Only local connections are allowed.
Please see https://chromedriver.chromium.org/security-considerations for suggestions on keeping ChromeDriver safe.
ChromeDriver was started successfully.
]]></system-err>
  </testcase>
  <testcase name="RunInFirefox" classname="selenium_grid.SeleniumGrid_Firefox" time="13.475">
    <system-out><![CDATA[Amazon.com: Online Shopping for Electronics, Apparel, Computers, Books, DVDs & more
]]></system-out>
    <system-err><![CDATA[Nov 26, 2020 11:36:33 AM org.openqa.selenium.remote.ProtocolHandshake createSession
INFO: Detected dialect: W3C
]]></system-err>
  </testcase>
</testsuite>