<?xml version="1.0" encoding="UTF-8"?>
<testsuite xmlns:xsi="http://www.w3.org/2001/XMLSchema-instance" xsi:noNamespaceSchemaLocation="https://maven.apache.org/surefire/maven-surefire-plugin/xsd/surefire-test-report-3.0.xsd" version="3.0" name="TestSuite" time="123.399" tests="4" errors="0" skipped="0" failures="0">
  <properties>
    <property name="java.specification.version" value="15"/>
    <property name="webdriver.chrome.driver" value="/Users/rahmanfamily/.cache/selenium/chromedriver/mac64/87.0.4280.88/chromedriver"/>
    <property name="sun.jnu.encoding" value="UTF-8"/>
    <property name="java.class.path" value="/Users/rahmanfamily/Desktop/java3/target/test-classes:/Users/rahmanfamily/Desktop/java3/target/classes:/Users/rahmanfamily/.m2/repository/org/seleniumhq/selenium/selenium-java/3.141.59/selenium-java-3.141.59.jar:/Users/rahmanfamily/.m2/repository/org/seleniumhq/selenium/selenium-api/3.141.59/selenium-api-3.141.59.jar:/Users/rahmanfamily/.m2/repository/org/seleniumhq/selenium/selenium-chrome-driver/3.141.59/selenium-chrome-driver-3.141.59.jar:/Users/rahmanfamily/.m2/repository/org/seleniumhq/selenium/selenium-edge-driver/3.141.59/selenium-edge-driver-3.141.59.jar:/Users/rahmanfamily/.m2/repository/org/seleniumhq/selenium/selenium-firefox-driver/3.141.59/selenium-firefox-driver-3.141.59.jar:/Users/rahmanfamily/.m2/repository/org/seleniumhq/selenium/selenium-ie-driver/3.141.59/selenium-ie-driver-3.141.59.jar:/Users/rahmanfamily/.m2/repository/org/seleniumhq/selenium/selenium-opera-driver/3.141.59/selenium-opera-driver-3.141.59.jar:/Users/rahmanfamily/.m2/repository/org/seleniumhq/selenium/selenium-remote-driver/3.141.59/selenium-remote-driver-3.141.59.jar:/Users/rahmanfamily/.m2/repository/org/seleniumhq/selenium/selenium-safari-driver/3.141.59/selenium-safari-driver-3.141.59.jar:/Users/rahmanfamily/.m2/repository/org/seleniumhq/selenium/selenium-support/3.141.59/selenium-support-3.141.59.jar:/Users/rahmanfamily/.m2/repository/net/bytebuddy/byte-buddy/1.8.15/byte-buddy-1.8.15.jar:/Users/rahmanfamily/.m2/repository/org/apache/commons/commons-exec/1.3/commons-exec-1.3.jar:/Users/rahmanfamily/.m2/repository/com/google/guava/guava/25.0-jre/guava-25.0-jre.jar:/Users/rahmanfamily/.m2/repository/com/google/code/findbugs/jsr305/1.3.9/jsr305-1.3.9.jar:/Users/rahmanfamily/.m2/repository/org/checkerframework/checker-compat-qual/2.0.0/checker-compat-qual-2.0.0.jar:/Users/rahmanfamily/.m2/repository/com/google/errorprone/error_prone_annotations/2.1.3/error_prone_annotations-2.1.3.jar:/Users/rahmanfamily/.m2/repository/com/google/j2objc/j2objc-annotations/1.1/j2objc-annotations-1.1.jar:/Users/rahmanfamily/.m2/repository/org/codehaus/mojo/animal-sniffer-annotations/1.14/animal-sniffer-annotations-1.14.jar:/Users/rahmanfamily/.m2/repository/com/squareup/okhttp3/okhttp/3.11.0/okhttp-3.11.0.jar:/Users/rahmanfamily/.m2/repository/com/squareup/okio/okio/1.14.0/okio-1.14.0.jar:/Users/rahmanfamily/.m2/repository/io/github/bonigarcia/webdrivermanager/4.2.2/webdrivermanager-4.2.2.jar:/Users/rahmanfamily/.m2/repository/org/slf4j/slf4j-api/1.7.30/slf4j-api-1.7.30.jar:/Users/rahmanfamily/.m2/repository/commons-io/commons-io/2.8.0/commons-io-2.8.0.jar:/Users/rahmanfamily/.m2/repository/com/google/code/gson/gson/2.8.6/gson-2.8.6.jar:/Users/rahmanfamily/.m2/repository/org/apache/commons/commons-lang3/3.11/commons-lang3-3.11.jar:/Users/rahmanfamily/.m2/repository/org/apache/httpcomponents/client5/httpclient5/5.0.1/httpclient5-5.0.1.jar:/Users/rahmanfamily/.m2/repository/org/apache/httpcomponents/core5/httpcore5/5.0.1/httpcore5-5.0.1.jar:/Users/rahmanfamily/.m2/repository/org/apache/httpcomponents/core5/httpcore5-h2/5.0.1/httpcore5-h2-5.0.1.jar:/Users/rahmanfamily/.m2/repository/commons-codec/commons-codec/1.13/commons-codec-1.13.jar:/Users/rahmanfamily/.m2/repository/org/rauschig/jarchivelib/1.1.0/jarchivelib-1.1.0.jar:/Users/rahmanfamily/.m2/repository/org/apache/commons/commons-compress/1.20/commons-compress-1.20.jar:/Users/rahmanfamily/.m2/repository/org/jsoup/jsoup/1.13.1/jsoup-1.13.1.jar:/Users/rahmanfamily/.m2/repository/org/testng/testng/7.1.0/testng-7.1.0.jar:/Users/rahmanfamily/.m2/repository/com/beust/jcommander/1.72/jcommander-1.72.jar:/Users/rahmanfamily/.m2/repository/com/google/inject/guice/4.1.0/guice-4.1.0-no_aop.jar:/Users/rahmanfamily/.m2/repository/javax/inject/javax.inject/1/javax.inject-1.jar:/Users/rahmanfamily/.m2/repository/aopalliance/aopalliance/1.0/aopalliance-1.0.jar:/Users/rahmanfamily/.m2/repository/org/yaml/snakeyaml/1.21/snakeyaml-1.21.jar:/Users/rahmanfamily/.m2/repository/org/apache/logging/log4j/log4j-api/2.13.3/log4j-api-2.13.3.jar:/Users/rahmanfamily/.m2/repository/org/apache/logging/log4j/log4j-core/2.13.3/log4j-core-2.13.3.jar:/Users/rahmanfamily/.m2/repository/org/postgresql/postgresql/42.2.18/postgresql-42.2.18.jar:/Users/rahmanfamily/.m2/repository/org/checkerframework/checker-qual/3.5.0/checker-qual-3.5.0.jar:/Users/rahmanfamily/.m2/repository/io/rest-assured/rest-assured/4.3.1/rest-assured-4.3.1.jar:/Users/rahmanfamily/.m2/repository/org/codehaus/groovy/groovy/3.0.3/groovy-3.0.3.jar:/Users/rahmanfamily/.m2/repository/org/codehaus/groovy/groovy-xml/3.0.3/groovy-xml-3.0.3.jar:/Users/rahmanfamily/.m2/repository/org/apache/httpcomponents/httpclient/4.5.3/httpclient-4.5.3.jar:/Users/rahmanfamily/.m2/repository/org/apache/httpcomponents/httpcore/4.4.6/httpcore-4.4.6.jar:/Users/rahmanfamily/.m2/repository/commons-logging/commons-logging/1.2/commons-logging-1.2.jar:/Users/rahmanfamily/.m2/repository/org/apache/httpcomponents/httpmime/4.5.3/httpmime-4.5.3.jar:/Users/rahmanfamily/.m2/repository/org/hamcrest/hamcrest/2.1/hamcrest-2.1.jar:/Users/rahmanfamily/.m2/repository/org/ccil/cowan/tagsoup/tagsoup/1.2.1/tagsoup-1.2.1.jar:/Users/rahmanfamily/.m2/repository/io/rest-assured/json-path/4.3.1/json-path-4.3.1.jar:/Users/rahmanfamily/.m2/repository/org/codehaus/groovy/groovy-json/3.0.3/groovy-json-3.0.3.jar:/Users/rahmanfamily/.m2/repository/io/rest-assured/rest-assured-common/4.3.1/rest-assured-common-4.3.1.jar:/Users/rahmanfamily/.m2/repository/io/rest-assured/xml-path/4.3.1/xml-path-4.3.1.jar:/Users/rahmanfamily/.m2/repository/jakarta/xml/bind/jakarta.xml.bind-api/2.3.3/jakarta.xml.bind-api-2.3.3.jar:/Users/rahmanfamily/.m2/repository/jakarta/activation/jakarta.activation-api/1.2.2/jakarta.activation-api-1.2.2.jar:/Users/rahmanfamily/.m2/repository/com/sun/xml/bind/jaxb-impl/2.3.3/jaxb-impl-2.3.3.jar:/Users/rahmanfamily/.m2/repository/com/googlecode/json-simple/json-simple/1.1.1/json-simple-1.1.1.jar:/Users/rahmanfamily/.m2/repository/org/slf4j/slf4j-simple/1.7.21/slf4j-simple-1.7.21.jar:/Users/rahmanfamily/.m2/repository/io/cucumber/cucumber-java/6.9.0/cucumber-java-6.9.0.jar:/Users/rahmanfamily/.m2/repository/io/cucumber/cucumber-core/6.9.0/cucumber-core-6.9.0.jar:/Users/rahmanfamily/.m2/repository/io/cucumber/cucumber-gherkin/6.9.0/cucumber-gherkin-6.9.0.jar:/Users/rahmanfamily/.m2/repository/io/cucumber/cucumber-gherkin-messages/6.9.0/cucumber-gherkin-messages-6.9.0.jar:/Users/rahmanfamily/.m2/repository/io/cucumber/messages/13.2.0/messages-13.2.0.jar:/Users/rahmanfamily/.m2/repository/io/cucumber/tag-expressions/3.0.0/tag-expressions-3.0.0.jar:/Users/rahmanfamily/.m2/repository/io/cucumber/cucumber-expressions/10.3.0/cucumber-expressions-10.3.0.jar:/Users/rahmanfamily/.m2/repository/io/cucumber/datatable/3.5.0/datatable-3.5.0.jar:/Users/rahmanfamily/.m2/repository/io/cucumber/cucumber-plugin/6.9.0/cucumber-plugin-6.9.0.jar:/Users/rahmanfamily/.m2/repository/io/cucumber/docstring/6.9.0/docstring-6.9.0.jar:/Users/rahmanfamily/.m2/repository/io/cucumber/html-formatter/9.0.0/html-formatter-9.0.0.jar:/Users/rahmanfamily/.m2/repository/io/cucumber/create-meta/2.0.4/create-meta-2.0.4.jar:/Users/rahmanfamily/.m2/repository/org/apiguardian/apiguardian-api/1.1.0/apiguardian-api-1.1.0.jar:/Users/rahmanfamily/.m2/repository/io/cucumber/cucumber-junit/6.9.0/cucumber-junit-6.9.0.jar:/Users/rahmanfamily/.m2/repository/junit/junit/4.13.1/junit-4.13.1.jar:/Users/rahmanfamily/.m2/repository/org/hamcrest/hamcrest-core/1.3/hamcrest-core-1.3.jar:"/>
    <property name="java.vm.vendor" value="Oracle Corporation"/>
    <property name="sun.arch.data.model" value="64"/>
    <property name="java.vendor.url" value="https://openjdk.java.net/"/>
    <property name="user.timezone" value="America/New_York"/>
    <property name="os.name" value="Mac OS X"/>
    <property name="java.vm.specification.version" value="15"/>
    <property name="sun.java.launcher" value="SUN_STANDARD"/>
    <property name="user.country" value="US"/>
    <property name="sun.boot.library.path" value="/usr/local/Cellar/openjdk/15.0.1/libexec/openjdk.jdk/Contents/Home/lib"/>
    <property name="sun.java.command" value="/Users/rahmanfamily/Desktop/java3/target/surefire/surefirebooter6483132629040203030.jar /Users/rahmanfamily/Desktop/java3/target/surefire 2020-12-06T14-52-01_960-jvmRun1 surefire2814898369017930238tmp surefire_017789544668150891442tmp"/>
    <property name="http.nonProxyHosts" value="local|*.local|169.254/16|*.169.254/16"/>
    <property name="jdk.debug" value="release"/>
    <property name="surefire.test.class.path" value="/Users/rahmanfamily/Desktop/java3/target/test-classes:/Users/rahmanfamily/Desktop/java3/target/classes:/Users/rahmanfamily/.m2/repository/org/seleniumhq/selenium/selenium-java/3.141.59/selenium-java-3.141.59.jar:/Users/rahmanfamily/.m2/repository/org/seleniumhq/selenium/selenium-api/3.141.59/selenium-api-3.141.59.jar:/Users/rahmanfamily/.m2/repository/org/seleniumhq/selenium/selenium-chrome-driver/3.141.59/selenium-chrome-driver-3.141.59.jar:/Users/rahmanfamily/.m2/repository/org/seleniumhq/selenium/selenium-edge-driver/3.141.59/selenium-edge-driver-3.141.59.jar:/Users/rahmanfamily/.m2/repository/org/seleniumhq/selenium/selenium-firefox-driver/3.141.59/selenium-firefox-driver-3.141.59.jar:/Users/rahmanfamily/.m2/repository/org/seleniumhq/selenium/selenium-ie-driver/3.141.59/selenium-ie-driver-3.141.59.jar:/Users/rahmanfamily/.m2/repository/org/seleniumhq/selenium/selenium-opera-driver/3.141.59/selenium-opera-driver-3.141.59.jar:/Users/rahmanfamily/.m2/repository/org/seleniumhq/selenium/selenium-remote-driver/3.141.59/selenium-remote-driver-3.141.59.jar:/Users/rahmanfamily/.m2/repository/org/seleniumhq/selenium/selenium-safari-driver/3.141.59/selenium-safari-driver-3.141.59.jar:/Users/rahmanfamily/.m2/repository/org/seleniumhq/selenium/selenium-support/3.141.59/selenium-support-3.141.59.jar:/Users/rahmanfamily/.m2/repository/net/bytebuddy/byte-buddy/1.8.15/byte-buddy-1.8.15.jar:/Users/rahmanfamily/.m2/repository/org/apache/commons/commons-exec/1.3/commons-exec-1.3.jar:/Users/rahmanfamily/.m2/repository/com/google/guava/guava/25.0-jre/guava-25.0-jre.jar:/Users/rahmanfamily/.m2/repository/com/google/code/findbugs/jsr305/1.3.9/jsr305-1.3.9.jar:/Users/rahmanfamily/.m2/repository/org/checkerframework/checker-compat-qual/2.0.0/checker-compat-qual-2.0.0.jar:/Users/rahmanfamily/.m2/repository/com/google/errorprone/error_prone_annotations/2.1.3/error_prone_annotations-2.1.3.jar:/Users/rahmanfamily/.m2/repository/com/google/j2objc/j2objc-annotations/1.1/j2objc-annotations-1.1.jar:/Users/rahmanfamily/.m2/repository/org/codehaus/mojo/animal-sniffer-annotations/1.14/animal-sniffer-annotations-1.14.jar:/Users/rahmanfamily/.m2/repository/com/squareup/okhttp3/okhttp/3.11.0/okhttp-3.11.0.jar:/Users/rahmanfamily/.m2/repository/com/squareup/okio/okio/1.14.0/okio-1.14.0.jar:/Users/rahmanfamily/.m2/repository/io/github/bonigarcia/webdrivermanager/4.2.2/webdrivermanager-4.2.2.jar:/Users/rahmanfamily/.m2/repository/org/slf4j/slf4j-api/1.7.30/slf4j-api-1.7.30.jar:/Users/rahmanfamily/.m2/repository/commons-io/commons-io/2.8.0/commons-io-2.8.0.jar:/Users/rahmanfamily/.m2/repository/com/google/code/gson/gson/2.8.6/gson-2.8.6.jar:/Users/rahmanfamily/.m2/repository/org/apache/commons/commons-lang3/3.11/commons-lang3-3.11.jar:/Users/rahmanfamily/.m2/repository/org/apache/httpcomponents/client5/httpclient5/5.0.1/httpclient5-5.0.1.jar:/Users/rahmanfamily/.m2/repository/org/apache/httpcomponents/core5/httpcore5/5.0.1/httpcore5-5.0.1.jar:/Users/rahmanfamily/.m2/repository/org/apache/httpcomponents/core5/httpcore5-h2/5.0.1/httpcore5-h2-5.0.1.jar:/Users/rahmanfamily/.m2/repository/commons-codec/commons-codec/1.13/commons-codec-1.13.jar:/Users/rahmanfamily/.m2/repository/org/rauschig/jarchivelib/1.1.0/jarchivelib-1.1.0.jar:/Users/rahmanfamily/.m2/repository/org/apache/commons/commons-compress/1.20/commons-compress-1.20.jar:/Users/rahmanfamily/.m2/repository/org/jsoup/jsoup/1.13.1/jsoup-1.13.1.jar:/Users/rahmanfamily/.m2/repository/org/testng/testng/7.1.0/testng-7.1.0.jar:/Users/rahmanfamily/.m2/repository/com/beust/jcommander/1.72/jcommander-1.72.jar:/Users/rahmanfamily/.m2/repository/com/google/inject/guice/4.1.0/guice-4.1.0-no_aop.jar:/Users/rahmanfamily/.m2/repository/javax/inject/javax.inject/1/javax.inject-1.jar:/Users/rahmanfamily/.m2/repository/aopalliance/aopalliance/1.0/aopalliance-1.0.jar:/Users/rahmanfamily/.m2/repository/org/yaml/snakeyaml/1.21/snakeyaml-1.21.jar:/Users/rahmanfamily/.m2/repository/org/apache/logging/log4j/log4j-api/2.13.3/log4j-api-2.13.3.jar:/Users/rahmanfamily/.m2/repository/org/apache/logging/log4j/log4j-core/2.13.3/log4j-core-2.13.3.jar:/Users/rahmanfamily/.m2/repository/org/postgresql/postgresql/42.2.18/postgresql-42.2.18.jar:/Users/rahmanfamily/.m2/repository/org/checkerframework/checker-qual/3.5.0/checker-qual-3.5.0.jar:/Users/rahmanfamily/.m2/repository/io/rest-assured/rest-assured/4.3.1/rest-assured-4.3.1.jar:/Users/rahmanfamily/.m2/repository/org/codehaus/groovy/groovy/3.0.3/groovy-3.0.3.jar:/Users/rahmanfamily/.m2/repository/org/codehaus/groovy/groovy-xml/3.0.3/groovy-xml-3.0.3.jar:/Users/rahmanfamily/.m2/repository/org/apache/httpcomponents/httpclient/4.5.3/httpclient-4.5.3.jar:/Users/rahmanfamily/.m2/repository/org/apache/httpcomponents/httpcore/4.4.6/httpcore-4.4.6.jar:/Users/rahmanfamily/.m2/repository/commons-logging/commons-logging/1.2/commons-logging-1.2.jar:/Users/rahmanfamily/.m2/repository/org/apache/httpcomponents/httpmime/4.5.3/httpmime-4.5.3.jar:/Users/rahmanfamily/.m2/repository/org/hamcrest/hamcrest/2.1/hamcrest-2.1.jar:/Users/rahmanfamily/.m2/repository/org/ccil/cowan/tagsoup/tagsoup/1.2.1/tagsoup-1.2.1.jar:/Users/rahmanfamily/.m2/repository/io/rest-assured/json-path/4.3.1/json-path-4.3.1.jar:/Users/rahmanfamily/.m2/repository/org/codehaus/groovy/groovy-json/3.0.3/groovy-json-3.0.3.jar:/Users/rahmanfamily/.m2/repository/io/rest-assured/rest-assured-common/4.3.1/rest-assured-common-4.3.1.jar:/Users/rahmanfamily/.m2/repository/io/rest-assured/xml-path/4.3.1/xml-path-4.3.1.jar:/Users/rahmanfamily/.m2/repository/jakarta/xml/bind/jakarta.xml.bind-api/2.3.3/jakarta.xml.bind-api-2.3.3.jar:/Users/rahmanfamily/.m2/repository/jakarta/activation/jakarta.activation-api/1.2.2/jakarta.activation-api-1.2.2.jar:/Users/rahmanfamily/.m2/repository/com/sun/xml/bind/jaxb-impl/2.3.3/jaxb-impl-2.3.3.jar:/Users/rahmanfamily/.m2/repository/com/googlecode/json-simple/json-simple/1.1.1/json-simple-1.1.1.jar:/Users/rahmanfamily/.m2/repository/org/slf4j/slf4j-simple/1.7.21/slf4j-simple-1.7.21.jar:/Users/rahmanfamily/.m2/repository/io/cucumber/cucumber-java/6.9.0/cucumber-java-6.9.0.jar:/Users/rahmanfamily/.m2/repository/io/cucumber/cucumber-core/6.9.0/cucumber-core-6.9.0.jar:/Users/rahmanfamily/.m2/repository/io/cucumber/cucumber-gherkin/6.9.0/cucumber-gherkin-6.9.0.jar:/Users/rahmanfamily/.m2/repository/io/cucumber/cucumber-gherkin-messages/6.9.0/cucumber-gherkin-messages-6.9.0.jar:/Users/rahmanfamily/.m2/repository/io/cucumber/messages/13.2.0/messages-13.2.0.jar:/Users/rahmanfamily/.m2/repository/io/cucumber/tag-expressions/3.0.0/tag-expressions-3.0.0.jar:/Users/rahmanfamily/.m2/repository/io/cucumber/cucumber-expressions/10.3.0/cucumber-expressions-10.3.0.jar:/Users/rahmanfamily/.m2/repository/io/cucumber/datatable/3.5.0/datatable-3.5.0.jar:/Users/rahmanfamily/.m2/repository/io/cucumber/cucumber-plugin/6.9.0/cucumber-plugin-6.9.0.jar:/Users/rahmanfamily/.m2/repository/io/cucumber/docstring/6.9.0/docstring-6.9.0.jar:/Users/rahmanfamily/.m2/repository/io/cucumber/html-formatter/9.0.0/html-formatter-9.0.0.jar:/Users/rahmanfamily/.m2/repository/io/cucumber/create-meta/2.0.4/create-meta-2.0.4.jar:/Users/rahmanfamily/.m2/repository/org/apiguardian/apiguardian-api/1.1.0/apiguardian-api-1.1.0.jar:/Users/rahmanfamily/.m2/repository/io/cucumber/cucumber-junit/6.9.0/cucumber-junit-6.9.0.jar:/Users/rahmanfamily/.m2/repository/junit/junit/4.13.1/junit-4.13.1.jar:/Users/rahmanfamily/.m2/repository/org/hamcrest/hamcrest-core/1.3/hamcrest-core-1.3.jar:"/>
    <property name="sun.cpu.endian" value="little"/>
    <property name="user.home" value="/Users/rahmanfamily"/>
    <property name="user.language" value="en"/>
    <property name="java.specification.vendor" value="Oracle Corporation"/>
    <property name="java.version.date" value="2020-10-20"/>
    <property name="java.home" value="/usr/local/Cellar/openjdk/15.0.1/libexec/openjdk.jdk/Contents/Home"/>
    <property name="file.separator" value="/"/>
    <property name="basedir" value="/Users/rahmanfamily/Desktop/java3"/>
    <property name="java.vm.compressedOopsMode" value="Zero based"/>
    <property name="line.separator" value="&#10;"/>
    <property name="java.specification.name" value="Java Platform API Specification"/>
    <property name="java.vm.specification.vendor" value="Oracle Corporation"/>
    <property name="surefire.real.class.path" value="/Users/rahmanfamily/Desktop/java3/target/surefire/surefirebooter6483132629040203030.jar"/>
    <property name="sun.management.compiler" value="HotSpot 64-Bit Tiered Compilers"/>
    <property name="ftp.nonProxyHosts" value="local|*.local|169.254/16|*.169.254/16"/>
    <property name="java.runtime.version" value="15.0.1+9"/>
    <property name="user.name" value="rahmanfamily"/>
    <property name="path.separator" value=":"/>
    <property name="os.version" value="10.15.7"/>
    <property name="java.runtime.name" value="OpenJDK Runtime Environment"/>
    <property name="file.encoding" value="UTF-8"/>
    <property name="java.vm.name" value="OpenJDK 64-Bit Server VM"/>
    <property name="localRepository" value="/Users/rahmanfamily/.m2/repository"/>
    <property name="java.vendor.url.bug" value="https://bugreport.java.com/bugreport/"/>
    <property name="java.io.tmpdir" value="/var/folders/49/x62tygkx03b6nl21d09khr3h0000gn/T/"/>
    <property name="java.version" value="15.0.1"/>
    <property name="user.dir" value="/Users/rahmanfamily/Desktop/java3"/>
    <property name="os.arch" value="x86_64"/>
    <property name="java.vm.specification.name" value="Java Virtual Machine Specification"/>
    <property name="java.library.path" value="/Users/rahmanfamily/Library/Java/Extensions:/Library/Java/Extensions:/Network/Library/Java/Extensions:/System/Library/Java/Extensions:/usr/lib/java:."/>
    <property name="java.vm.info" value="mixed mode, sharing"/>
    <property name="java.vendor" value="N/A"/>
    <property name="java.vm.version" value="15.0.1+9"/>
    <property name="sun.io.unicode.encoding" value="UnicodeBig"/>
    <property name="socksNonProxyHosts" value="local|*.local|169.254/16|*.169.254/16"/>
    <property name="java.class.version" value="59.0"/>
  </properties>
  <testcase name="RunInChrome1" classname="selenium_grid.SeleniumGrid_Chrome2" time="85.363">
    <system-out><![CDATA[14:52:16.446 [TestNG-test=selenium_Grid-2] &amp#27;[0mINFO  utilities.TestEnvironment - execute test in local&amp#27;[m
14:52:16.446 [TestNG-test=selenium_Grid-4] &amp#27;[0mINFO  utilities.TestEnvironment - execute test in local&amp#27;[m
14:52:16.446 [TestNG-test=selenium_Grid-1] &amp#27;[0mINFO  utilities.TestEnvironment - execute test in local&amp#27;[m
14:52:16.446 [TestNG-test=selenium_Grid-3] &amp#27;[0mINFO  utilities.TestEnvironment - execute test in local&amp#27;[m
14:53:15.046 [TestNG-test=selenium_Grid-1] &amp#27;[0mINFO  utilities.TestEnvironment - execute test in local&amp#27;[m
Google
]]></system-out>
    <system-err><![CDATA[[TestNG-test=selenium_Grid-4] INFO io.github.bonigarcia.wdm.WebDriverManager - Using chromedriver 87.0.4280.88 (resolved driver for Chrome 87)
[TestNG-test=selenium_Grid-4] INFO io.github.bonigarcia.wdm.WebDriverManager - Exporting webdriver.chrome.driver as /Users/rahmanfamily/.cache/selenium/chromedriver/mac64/87.0.4280.88/chromedriver
[TestNG-test=selenium_Grid-1] INFO io.github.bonigarcia.wdm.WebDriverManager - Using chromedriver 87.0.4280.88 (resolved driver for Chrome 87)
[TestNG-test=selenium_Grid-1] INFO io.github.bonigarcia.wdm.WebDriverManager - Exporting webdriver.chrome.driver as /Users/rahmanfamily/.cache/selenium/chromedriver/mac64/87.0.4280.88/chromedriver
[TestNG-test=selenium_Grid-2] INFO io.github.bonigarcia.wdm.WebDriverManager - Using chromedriver 87.0.4280.88 (resolved driver for Chrome 87)
[TestNG-test=selenium_Grid-2] INFO io.github.bonigarcia.wdm.WebDriverManager - Exporting webdriver.chrome.driver as /Users/rahmanfamily/.cache/selenium/chromedriver/mac64/87.0.4280.88/chromedriver
SSSttatarartrtitinniggn  CgC hhCrrhoromomemDeerDDiriSrvtvieaverer rr 8t 87i87.n7.0g.0. 0.4C.24h842r802o08m..08e.8D8 r8(i8 v9(e8re9 2e832783.080a0.3ae4332e683c063.c84364846 b4(b5859ddedd211333080202a33344e99b3b161c33388422655444b99522990ddd1-3r0e23f4s9/bb1r3a8n2c5h4-9h2e9a0dd-s/8482 8(08@9{er2e38f0sa/3eb3r6acn3c4h6-4hbea5ddds1/34022803@4{9#b1173618}2)5 on4 p9o2rt9 01d7-0r4e6f
sO/nlbyr alnoccha-lhe acdosn/n4e2c8t0i@o{#n1s7 6a1r}e)  aollno pwoedr.t
Pl 7e5a7s4e
O nsleey  hltotcpasl: /c/ochromedr0ivde-rr.chromium.org/security-considerati#176n1}n)e cotni opnosr ta r4e0 0a0l0l
oOwneldy. e
lfPoslc/eabalrsae n ccsohe-nnheecatdiso/n4s2 8a0r@e{ #a1l7l6o1w}e)d .o
onPn lpseoa rsftoe  r1s 7es0eu3 1gh
gtOetnsltpysi :ol/no/scc aholrn o cmkoeendenrpeicivtnegir o.Cnchshr roaomrmeeiD uramil.vloeorrwg e/ssaefceu.r
itye https://chromedriver.chromium.org/sed-cuc.r
oiPntlsyei-adcseoenr sasitedieeo rnhastti ofnosr  fsourg gseusgtgieosntsi oonns  koene pkienegp iCnhgr oCmehDrroimveeDrri vsearf es.a
fe.
tps://chromedriver.chromium.org/security-considerations for suggestions on keeping ChromeDriver safe.
ChromeDriverC hwromeDraisve rs twaarst estda rstuecdc essuscfcuelslys.f
ullyC.h
romeDriver was started successfully.
ChromeDriver was started successfully.
Dec 06, 2020 2:53:11 PM org.openqa.selenium.remote.ProtocolHandshake createSession
INFO: Detected dialect: W3C
Dec 06, 2020 2:53:11 PM org.openqa.selenium.remote.ProtocolHandshake createSession
INFO: Detected dialect: W3C
Dec 06, 2020 2:53:11 PM org.openqa.selenium.remote.ProtocolHandshake createSession
INFO: Detected dialect: W3C
Dec 06, 2020 2:53:11 PM org.openqa.selenium.remote.ProtocolHandshake createSession
INFO: Detected dialect: W3C
Starting ChromeDriver 87.0.4280.88 (89e2380a3e36c3464b5dd1302349b1382549290d-refs/branch-heads/4280@{#1761}) on port 6332
Only local connections are allowed.
Please see https://chromedriver.chromium.org/security-considerations for suggestions on keeping ChromeDriver safe.
ChromeDriver was started successfully.
]]></system-err>
  </testcase>
  <testcase name="RunInFirefox" classname="selenium_grid.SeleniumGrid_Firefox" time="90.139">
    <system-out><![CDATA[Amazon.com: Online Shopping for Electronics, Apparel, Computers, Books, DVDs & more
]]></system-out>
  </testcase>
  <testcase name="RunInChrome1" classname="selenium_grid.SeleniumGrid_Chrome3" time="103.357">
    <system-out><![CDATA[Facebook - Log In or Sign Up
]]></system-out>
  </testcase>
  <testcase name="RunInChrome" classname="selenium_grid.SeleniumGrid_Chrome1" time="116.955">
    <system-out><![CDATA[Mortgage Calculator
]]></system-out>
    <system-err><![CDATA[Dec 06, 2020 2:53:59 PM org.openqa.selenium.remote.ProtocolHandshake createSession
INFO: Detected dialect: W3C
]]></system-err>
  </testcase>
</testsuite>