<?xml version="1.0" encoding="UTF-8"?>
<!-- Generated by org.testng.reporters.JUnitReportReporter -->
<testsuite hostname="Raihans-iMac.local" failures="0" tests="1" name="selenium_grid.SeleniumGrid_Chrome1" time="83.941" errors="0" timestamp="2020-11-26T11:36:41 EST" skipped="0">
  <testcase classname="selenium_grid.SeleniumGrid_Chrome1" name="RunInChrome" time="83.941"/>
  <system-out/>
</testsuite> <!-- selenium_grid.SeleniumGrid_Chrome1 -->
