<?xml version="1.0" encoding="UTF-8"?>
<!-- Generated by org.testng.reporters.JUnitReportReporter -->
<testsuite hostname="Raihans-iMac.local" failures="0" tests="1" name="selenium_grid.SeleniumGrid_Chrome2" time="84.375" errors="0" timestamp="2020-12-06T14:54:08 EST" skipped="0">
  <testcase classname="selenium_grid.SeleniumGrid_Chrome2" name="RunInChrome1" time="84.375"/>
  <system-out/>
</testsuite> <!-- selenium_grid.SeleniumGrid_Chrome2 -->
